<?xml version="1.0" encoding="UTF-8"?>
<!-- Generated by org.testng.reporters.JUnitXMLReporter -->
<testsuite ignored="0" hostname="Govind" failures="1" tests="32" name="API Test Suite " time="20.586" errors="0" timestamp="2024-11-08T21:37:28 IST">
  <testcase classname="TestCases.BaseTest" name="getSystemProperty" time="0.0"/>
  <testcase classname="TestCases.GetUsersTest" name="test_001" time="1.953"/>
  <testcase classname="TestCases.GetUsersTest" name="test_002" time="0.611">
    <failure type="java.lang.AssertionError" message="expected [Chaitali01] but found [Chaitali]">
      <![CDATA[java.lang.AssertionError: expected [Chaitali01] but found [Chaitali]
at TestCases.GetUsersTest.test_002(GetUsersTest.java:85)
at java.base/java.util.ArrayList.forEach(ArrayList.java:1596)
at com.intellij.rt.testng.IDEARemoteTestNG.run(IDEARemoteTestNG.java:65)
at com.intellij.rt.testng.RemoteTestNGStarter.main(RemoteTestNGStarter.java:105)
... Removed 28 stack frames]]>
    </failure>
  </testcase> <!-- test_002 -->
  <testcase classname="TestCases.GetUsersTest" name="test_003" time="0.577"/>
  <testcase classname="TestCases.GetUsersTest" name="test_004" time="0.5"/>
  <testcase classname="TestCases.GetUsersTest" name="test_005" time="0.458"/>
  <testcase classname="TestCases.GetUsersTest" name="test_006" time="1.109"/>
  <testcase classname="TestCases.BaseTest" name="getSystemProperty" time="0.0"/>
  <testcase classname="TestCases.PostUsersTest" name="tc_007" time="0.309"/>
  <testcase classname="TestCases.PostUsersTest" name="tc_008" time="1.112"/>
  <testcase classname="TestCases.PostUsersTest" name="test_009" time="0.515"/>
  <testcase classname="TestCases.PostUsersTest" name="test_010" time="0.317"/>
  <testcase classname="TestCases.PostUsersTest" name="test_011" time="0.303"/>
  <testcase classname="TestCases.PostUsersTest" name="test_012" time="0.626"/>
  <testcase classname="TestCases.PostUsersTest" name="test_013" time="1.0"/>
  <testcase classname="TestCases.PostUsersTest" name="test_014" time="0.93"/>
  <testcase classname="TestCases.BaseTest" name="getSystemProperty" time="0.0"/>
  <testcase classname="TestCases.DeleteUsersTest" name="tc_015" time="0.913"/>
  <testcase classname="TestCases.DeleteUsersTest" name="tc_016" time="1.01"/>
  <testcase classname="TestCases.DeleteUsersTest" name="tc_017" time="0.111"/>
  <testcase classname="TestCases.DeleteUsersTest" name="tc_018" time="0.643"/>
  <testcase classname="TestCases.BaseTest" name="getSystemProperty" time="0.0"/>
  <testcase classname="TestCases.PutUsersTest" name="tc_019" time="1.131"/>
  <testcase classname="TestCases.PutUsersTest" name="tc_020" time="1.008"/>
  <testcase classname="TestCases.PutUsersTest" name="tc_021" time="0.176"/>
  <testcase classname="TestCases.PutUsersTest" name="tc_022" time="1.459"/>
  <testcase classname="TestCases.BaseTest" name="getSystemProperty" time="0.0"/>
  <testcase classname="TestCases.PatchUsersTest" name="tc_024" time="0.647"/>
  <testcase classname="TestCases.PatchUsersTest" name="tc_025" time="0.595"/>
  <testcase classname="TestCases.PatchUsersTest" name="tc_026" time="0.34"/>
  <testcase classname="TestCases.PatchUsersTest" name="tc_027" time="0.688"/>
  <testcase classname="TestCases.PatchUsersTest" name="test_023" time="1.002"/>
</testsuite> <!-- API Test Suite  -->
