<html>
<head>
<title>TestNG:  API Test Suite </title>
<link href="../testng.css" rel="stylesheet" type="text/css" />
<link href="../my-testng.css" rel="stylesheet" type="text/css" />

<style type="text/css">
.log { display: none;} 
.stack-trace { display: none;} 
</style>
<script type="text/javascript">
<!--
function flip(e) {
  current = e.style.display;
  if (current == 'block') {
    e.style.display = 'none';
    return 0;
  }
  else {
    e.style.display = 'block';
    return 1;
  }
}

function toggleBox(szDivId, elem, msg1, msg2)
{
  var res = -1;  if (document.getElementById) {
    res = flip(document.getElementById(szDivId));
  }
  else if (document.all) {
    // this is the way old msie versions work
    res = flip(document.all[szDivId]);
  }
  if(elem) {
    if(res == 0) elem.innerHTML = msg1; else elem.innerHTML = msg2;
  }

}

function toggleAllBoxes() {
  if (document.getElementsByTagName) {
    d = document.getElementsByTagName('div');
    for (i = 0; i < d.length; i++) {
      if (d[i].className == 'log') {
        flip(d[i]);
      }
    }
  }
}

// -->
</script>

</head>
<body>
<h2 align='center'>API Test Suite </h2><table border='1' align="center">
<tr>
<td>Tests passed/Failed/Skipped:</td><td>31/1/0</td>
</tr><tr>
<td>Started on:</td><td>Fri Nov 08 21:37:07 IST 2024</td>
</tr>
<tr><td>Total time:</td><td>20 seconds (20586 ms)</td>
</tr><tr>
<td>Included groups:</td><td></td>
</tr><tr>
<td>Excluded groups:</td><td></td>
</tr>
</table><p/>
<small><i>(Hover the method name to see the test class name)</i></small><p/>
<table width='100%' border='1' class='invocation-failed'>
<tr><td colspan='4' align='center'><b>FAILED TESTS</b></td></tr>
<tr><td><b>Test method</b></td>
<td><b>Attribute(s)</b></td>
<td width="30%"><b>Exception</b></td>
<td width="10%"><b>Time (seconds)</b></td>
<td><b>Instance</b></td>
</tr>
<tr>
<td title='TestCases.GetUsersTest.test_002()'><b>test_002</b><br>Test class: TestCases.GetUsersTest<br>Test method: TC_002: Verify user details for more than single user</td>
<td><div><pre>java.lang.AssertionError: expected [Chaitali01] but found [Chaitali]
	at TestCases.GetUsersTest.test_002(GetUsersTest.java:85)
	at java.base/java.util.ArrayList.forEach(ArrayList.java:1596)
	at com.intellij.rt.testng.IDEARemoteTestNG.run(IDEARemoteTestNG.java:65)
	at com.intellij.rt.testng.RemoteTestNGStarter.main(RemoteTestNGStarter.java:105)
... Removed 28 stack frames</pre></div><a href='#' onClick='toggleBox("stack-trace82750270", this, "Click to show all stack frames", "Click to hide stack frames")'>Click to show all stack frames</a>
<div class='stack-trace' id='stack-trace82750270'><pre>java.lang.AssertionError: expected [Chaitali01] but found [Chaitali]
	at org.testng.Assert.fail(Assert.java:111)
	at org.testng.Assert.failNotEquals(Assert.java:1578)
	at org.testng.Assert.assertEqualsImpl(Assert.java:150)
	at org.testng.Assert.assertEquals(Assert.java:132)
	at org.testng.Assert.assertEquals(Assert.java:656)
	at org.testng.Assert.assertEquals(Assert.java:666)
	at TestCases.GetUsersTest.test_002(GetUsersTest.java:85)
	at java.base/jdk.internal.reflect.DirectMethodHandleAccessor.invoke(DirectMethodHandleAccessor.java:103)
	at java.base/java.lang.reflect.Method.invoke(Method.java:580)
	at org.testng.internal.invokers.MethodInvocationHelper.invokeMethod(MethodInvocationHelper.java:141)
	at org.testng.internal.invokers.TestInvoker.invokeMethod(TestInvoker.java:686)
	at org.testng.internal.invokers.TestInvoker.invokeTestMethod(TestInvoker.java:230)
	at org.testng.internal.invokers.MethodRunner.runInSequence(MethodRunner.java:63)
	at org.testng.internal.invokers.TestInvoker$MethodInvocationAgent.invoke(TestInvoker.java:992)
	at org.testng.internal.invokers.TestInvoker.invokeTestMethods(TestInvoker.java:203)
	at org.testng.internal.invokers.TestMethodWorker.invokeTestMethods(TestMethodWorker.java:154)
	at org.testng.internal.invokers.TestMethodWorker.run(TestMethodWorker.java:134)
	at java.base/java.util.ArrayList.forEach(ArrayList.java:1596)
	at org.testng.TestRunner.privateRun(TestRunner.java:739)
	at org.testng.TestRunner.run(TestRunner.java:614)
	at org.testng.SuiteRunner.runTest(SuiteRunner.java:421)
	at org.testng.SuiteRunner.runSequentially(SuiteRunner.java:413)
	at org.testng.SuiteRunner.privateRun(SuiteRunner.java:373)
	at org.testng.SuiteRunner.run(SuiteRunner.java:312)
	at org.testng.SuiteRunnerWorker.runSuite(SuiteRunnerWorker.java:52)
	at org.testng.SuiteRunnerWorker.run(SuiteRunnerWorker.java:95)
	at org.testng.TestNG.runSuitesSequentially(TestNG.java:1274)
	at org.testng.TestNG.runSuitesLocally(TestNG.java:1208)
	at org.testng.TestNG.runSuites(TestNG.java:1112)
	at org.testng.TestNG.run(TestNG.java:1079)
	at com.intellij.rt.testng.IDEARemoteTestNG.run(IDEARemoteTestNG.java:65)
	at com.intellij.rt.testng.RemoteTestNGStarter.main(RemoteTestNGStarter.java:105)
</pre></div></td>
<td>0</td>
<td>TestCases.GetUsersTest@7ef82753</td></tr>
</table><p>
<table width='100%' border='1' class='invocation-passed'>
<tr><td colspan='4' align='center'><b>PASSED TESTS</b></td></tr>
<tr><td><b>Test method</b></td>
<td><b>Attribute(s)</b></td>
<td width="30%"><b>Exception</b></td>
<td width="10%"><b>Time (seconds)</b></td>
<td><b>Instance</b></td>
</tr>
<tr>
<td title='TestCases.PostUsersTest.test_010()'><b>test_010</b><br>Test class: TestCases.PostUsersTest<br>Test method: TC_010: Verify the response for Empty email</td>
<td></td>
<td>0</td>
<td>TestCases.PostUsersTest@4681c175</td></tr>
<tr>
<td title='TestCases.PatchUsersTest.tc_024()'><b>tc_024</b><br>Test class: TestCases.PatchUsersTest<br>Test method: TC_024 : verify response when two field changed gender and status.</td>
<td></td>
<td>0</td>
<td>TestCases.PatchUsersTest@5386659f</td></tr>
<tr>
<td title='TestCases.PostUsersTest.test_011()'><b>test_011</b><br>Test class: TestCases.PostUsersTest<br>Test method: TC_011: Verify the response for Empty gender</td>
<td></td>
<td>0</td>
<td>TestCases.PostUsersTest@4681c175</td></tr>
<tr>
<td title='TestCases.PatchUsersTest.tc_026()'><b>tc_026</b><br>Test class: TestCases.PatchUsersTest<br>Test method: TC_026 : Verify Response when Authentication not provided</td>
<td></td>
<td>0</td>
<td>TestCases.PatchUsersTest@5386659f</td></tr>
<tr>
<td title='TestCases.PutUsersTest.getSystemProperty()'><b>getSystemProperty</b><br>Test class: TestCases.PutUsersTest</td>
<td></td>
<td>0</td>
<td>TestCases.PutUsersTest@2767e23c</td></tr>
<tr>
<td title='TestCases.DeleteUsersTest.tc_015()'><b>tc_015</b><br>Test class: TestCases.DeleteUsersTest<br>Test method: TC_015 : verify response 204 No Content when user deleted.</td>
<td></td>
<td>0</td>
<td>TestCases.DeleteUsersTest@402c4085</td></tr>
<tr>
<td title='TestCases.PutUsersTest.tc_020()'><b>tc_020</b><br>Test class: TestCases.PutUsersTest<br>Test method: TC_020 : verify response when whole request schema changed</td>
<td></td>
<td>1</td>
<td>TestCases.PutUsersTest@2767e23c</td></tr>
<tr>
<td title='TestCases.GetUsersTest.getSystemProperty()'><b>getSystemProperty</b><br>Test class: TestCases.GetUsersTest</td>
<td></td>
<td>0</td>
<td>TestCases.GetUsersTest@7ef82753</td></tr>
<tr>
<td title='TestCases.DeleteUsersTest.tc_018()'><b>tc_018</b><br>Test class: TestCases.DeleteUsersTest<br>Test method: TC_018: verify response time less than 400 when user deleted</td>
<td></td>
<td>0</td>
<td>TestCases.DeleteUsersTest@402c4085</td></tr>
<tr>
<td title='TestCases.PostUsersTest.tc_007()'><b>tc_007</b><br>Test class: TestCases.PostUsersTest<br>Test method: TC_007: Verify user creation WITHOUT Authentication</td>
<td></td>
<td>0</td>
<td>TestCases.PostUsersTest@4681c175</td></tr>
<tr>
<td title='TestCases.GetUsersTest.test_006()'><b>test_006</b><br>Test class: TestCases.GetUsersTest<br>Test method: TC_006: Verify Response time is less than 200ms</td>
<td></td>
<td>1</td>
<td>TestCases.GetUsersTest@7ef82753</td></tr>
<tr>
<td title='TestCases.GetUsersTest.test_001()'><b>test_001</b><br>Test class: TestCases.GetUsersTest<br>Test method: TC_001: Verify user details for single user</td>
<td></td>
<td>1</td>
<td>TestCases.GetUsersTest@7ef82753</td></tr>
<tr>
<td title='TestCases.PostUsersTest.test_014()'><b>test_014</b><br>Test class: TestCases.PostUsersTest<br>Test method: TC_014 : Verify the Response time less than 480milisecond</td>
<td></td>
<td>0</td>
<td>TestCases.PostUsersTest@4681c175</td></tr>
<tr>
<td title='TestCases.DeleteUsersTest.tc_016()'><b>tc_016</b><br>Test class: TestCases.DeleteUsersTest<br>Test method: TC_016 : verify response 404,Not Found when for repeated user provided</td>
<td></td>
<td>1</td>
<td>TestCases.DeleteUsersTest@402c4085</td></tr>
<tr>
<td title='TestCases.PostUsersTest.getSystemProperty()'><b>getSystemProperty</b><br>Test class: TestCases.PostUsersTest</td>
<td></td>
<td>0</td>
<td>TestCases.PostUsersTest@4681c175</td></tr>
<tr>
<td title='TestCases.PatchUsersTest.test_023()'><b>test_023</b><br>Test class: TestCases.PatchUsersTest<br>Test method: TC_023 : verify response when only single field changed.</td>
<td></td>
<td>1</td>
<td>TestCases.PatchUsersTest@5386659f</td></tr>
<tr>
<td title='TestCases.PatchUsersTest.getSystemProperty()'><b>getSystemProperty</b><br>Test class: TestCases.PatchUsersTest</td>
<td></td>
<td>0</td>
<td>TestCases.PatchUsersTest@5386659f</td></tr>
<tr>
<td title='TestCases.GetUsersTest.test_004()'><b>test_004</b><br>Test class: TestCases.GetUsersTest<br>Test method: TC_004: Verify user Detail for gender male and status active</td>
<td></td>
<td>0</td>
<td>TestCases.GetUsersTest@7ef82753</td></tr>
<tr>
<td title='TestCases.DeleteUsersTest.tc_017()'><b>tc_017</b><br>Test class: TestCases.DeleteUsersTest<br>Test method: TC_017 : verify response 404 Not Found when authentication not provided.</td>
<td></td>
<td>0</td>
<td>TestCases.DeleteUsersTest@402c4085</td></tr>
<tr>
<td title='TestCases.PostUsersTest.tc_008()'><b>tc_008</b><br>Test class: TestCases.PostUsersTest<br>Test method: TC_008: Verify the response for Empty id</td>
<td></td>
<td>1</td>
<td>TestCases.PostUsersTest@4681c175</td></tr>
<tr>
<td title='TestCases.GetUsersTest.test_003()'><b>test_003</b><br>Test class: TestCases.GetUsersTest<br>Test method: TC_003: Verify user detail for gender Female and status Inactive</td>
<td></td>
<td>0</td>
<td>TestCases.GetUsersTest@7ef82753</td></tr>
<tr>
<td title='TestCases.PutUsersTest.tc_019()'><b>tc_019</b><br>Test class: TestCases.PutUsersTest<br>Test method: TC_019 : verify response when name updated.</td>
<td></td>
<td>1</td>
<td>TestCases.PutUsersTest@2767e23c</td></tr>
<tr>
<td title='TestCases.PutUsersTest.tc_021()'><b>tc_021</b><br>Test class: TestCases.PutUsersTest<br>Test method: TC_021 : verify response when authentication not provided.</td>
<td></td>
<td>0</td>
<td>TestCases.PutUsersTest@2767e23c</td></tr>
<tr>
<td title='TestCases.GetUsersTest.test_005()'><b>test_005</b><br>Test class: TestCases.GetUsersTest<br>Test method: TC_005: Verify Response schema is valid</td>
<td></td>
<td>0</td>
<td>TestCases.GetUsersTest@7ef82753</td></tr>
<tr>
<td title='TestCases.DeleteUsersTest.getSystemProperty()'><b>getSystemProperty</b><br>Test class: TestCases.DeleteUsersTest</td>
<td></td>
<td>0</td>
<td>TestCases.DeleteUsersTest@402c4085</td></tr>
<tr>
<td title='TestCases.PutUsersTest.tc_022()'><b>tc_022</b><br>Test class: TestCases.PutUsersTest<br>Test method: TC_022 : verify response time less than <150 when schema updated.</td>
<td></td>
<td>1</td>
<td>TestCases.PutUsersTest@2767e23c</td></tr>
<tr>
<td title='TestCases.PatchUsersTest.tc_025()'><b>tc_025</b><br>Test class: TestCases.PatchUsersTest<br>Test method: TC_025 : verify response time  less than 250 millisecond for the PATH request</td>
<td></td>
<td>0</td>
<td>TestCases.PatchUsersTest@5386659f</td></tr>
<tr>
<td title='TestCases.PostUsersTest.test_009()'><b>test_009</b><br>Test class: TestCases.PostUsersTest<br>Test method: TC_009: Verify validation response for Empty name</td>
<td></td>
<td>0</td>
<td>TestCases.PostUsersTest@4681c175</td></tr>
<tr>
<td title='TestCases.PostUsersTest.test_013()'><b>test_013</b><br>Test class: TestCases.PostUsersTest<br>Test method: TC_013: Verify the response schema</td>
<td></td>
<td>1</td>
<td>TestCases.PostUsersTest@4681c175</td></tr>
<tr>
<td title='TestCases.PostUsersTest.test_012()'><b>test_012</b><br>Test class: TestCases.PostUsersTest<br>Test method: TC_012: Verify the response for Empty status</td>
<td></td>
<td>0</td>
<td>TestCases.PostUsersTest@4681c175</td></tr>
<tr>
<td title='TestCases.PatchUsersTest.tc_027()'><b>tc_027</b><br>Test class: TestCases.PatchUsersTest<br>Test method: TC_027 : verify response Schema validation</td>
<td></td>
<td>0</td>
<td>TestCases.PatchUsersTest@5386659f</td></tr>
</table><p>
</body>
</html>